<?xml version="1.0" encoding="UTF-8"?>
<testng-results skipped="0" failed="0" total="1" passed="1">
  <reporter-output>
  </reporter-output>
  <suite name="Default suite" duration-ms="2741" started-at="2017-09-16T14:19:49Z" finished-at="2017-09-16T14:19:52Z">
    <groups>
    </groups>
    <test name="Default test" duration-ms="2741" started-at="2017-09-16T14:19:49Z" finished-at="2017-09-16T14:19:52Z">
      <class name="Demo.Read_Write_Excel">
        <test-method status="PASS" signature="ReadWriteExcel()[pri:0, instance:Demo.Read_Write_Excel@968a59]" name="ReadWriteExcel" duration-ms="2694" started-at="2017-09-16T19:49:49Z" finished-at="2017-09-16T19:49:52Z">
          <reporter-output>
          </reporter-output>
        </test-method> <!-- ReadWriteExcel -->
      </class> <!-- Demo.Read_Write_Excel -->
    </test> <!-- Default test -->
  </suite> <!-- Default suite -->
</testng-results>
